0 info it worked if it ends with ok
1 verbose cli [ '/Users/uematsu.yuki/.nvm/v0.11.11/bin/node',
1 verbose cli   '/Users/uematsu.yuki/.nvm/v0.11.11/bin/npm',
1 verbose cli   'start',
1 verbose cli   'webkitbuilds/releases/node-webkit-template/mac/node-webkit-template.app' ]
2 info using npm@1.3.25
3 info using node@v0.11.11
4 error Error: ENOENT, open '/Users/uematsu.yuki/Dropbox/git/node-webkit-template/node_modules/webkitbuilds/releases/node-webkit-template/mac/node-webkit-template.app/package.json'
5 error If you need help, you may report this *entire* log,
5 error including the npm and node versions, at:
5 error     <http://github.com/isaacs/npm/issues>
6 error System Darwin 12.5.0
7 error command "/Users/uematsu.yuki/.nvm/v0.11.11/bin/node" "/Users/uematsu.yuki/.nvm/v0.11.11/bin/npm" "start" "webkitbuilds/releases/node-webkit-template/mac/node-webkit-template.app"
8 error cwd /Users/uematsu.yuki/Dropbox/git/node-webkit-template
9 error node -v v0.11.11
10 error npm -v 1.3.25
11 error path /Users/uematsu.yuki/Dropbox/git/node-webkit-template/node_modules/webkitbuilds/releases/node-webkit-template/mac/node-webkit-template.app/package.json
12 error code ENOENT
13 error errno -2
14 verbose exit [ -2, true ]
